08-Oct-2024 06:06:35.287 INFO [main] org.apache.catalina.startup.VersionLoggerListener.log Server version name:   Apache Tomcat/9.0.95
08-Oct-2024 06:06:35.290 INFO [main] org.apache.catalina.startup.VersionLoggerListener.log Server built:          Sep 13 2024 18:07:47 UTC
08-Oct-2024 06:06:35.291 INFO [main] org.apache.catalina.startup.VersionLoggerListener.log Server version number: 9.0.95.0
08-Oct-2024 06:06:35.291 INFO [main] org.apache.catalina.startup.VersionLoggerListener.log OS Name:               Windows 11
08-Oct-2024 06:06:35.291 INFO [main] org.apache.catalina.startup.VersionLoggerListener.log OS Version:            10.0
08-Oct-2024 06:06:35.291 INFO [main] org.apache.catalina.startup.VersionLoggerListener.log Architecture:          amd64
08-Oct-2024 06:06:35.291 INFO [main] org.apache.catalina.startup.VersionLoggerListener.log Java Home:             C:\Users\ACER\.jdks\corretto-17.0.12
08-Oct-2024 06:06:35.291 INFO [main] org.apache.catalina.startup.VersionLoggerListener.log JVM Version:           17.0.12+7-LTS
08-Oct-2024 06:06:35.292 INFO [main] org.apache.catalina.startup.VersionLoggerListener.log JVM Vendor:            Amazon.com Inc.
08-Oct-2024 06:06:35.292 INFO [main] org.apache.catalina.startup.VersionLoggerListener.log CATALINA_BASE:         D:\Fall24\WatchStore
08-Oct-2024 06:06:35.292 INFO [main] org.apache.catalina.startup.VersionLoggerListener.log CATALINA_HOME:         D:\Fall24\apache-tomcat-9.0.95
08-Oct-2024 06:06:35.300 INFO [main] org.apache.catalina.startup.VersionLoggerListener.log Command line argument: --add-opens=java.base/java.lang=ALL-UNNAMED
08-Oct-2024 06:06:35.300 INFO [main] org.apache.catalina.startup.VersionLoggerListener.log Command line argument: --add-opens=java.base/java.io=ALL-UNNAMED
08-Oct-2024 06:06:35.300 INFO [main] org.apache.catalina.startup.VersionLoggerListener.log Command line argument: --add-opens=java.base/java.util=ALL-UNNAMED
08-Oct-2024 06:06:35.300 INFO [main] org.apache.catalina.startup.VersionLoggerListener.log Command line argument: --add-opens=java.base/java.util.concurrent=ALL-UNNAMED
08-Oct-2024 06:06:35.300 INFO [main] org.apache.catalina.startup.VersionLoggerListener.log Command line argument: --add-opens=java.rmi/sun.rmi.transport=ALL-UNNAMED
08-Oct-2024 06:06:35.301 INFO [main] org.apache.catalina.startup.VersionLoggerListener.log Command line argument: -Dcatalina.home=D:\Fall24\apache-tomcat-9.0.95
08-Oct-2024 06:06:35.301 INFO [main] org.apache.catalina.startup.VersionLoggerListener.log Command line argument: -Dcatalina.base=D:\Fall24\WatchStore
08-Oct-2024 06:06:35.301 INFO [main] org.apache.catalina.startup.VersionLoggerListener.log Command line argument: -Djava.io.tmpdir=D:\Fall24\WatchStore\temp
08-Oct-2024 06:06:35.301 INFO [main] org.apache.catalina.startup.VersionLoggerListener.log Command line argument: -Djava.util.logging.config.file=D:\Fall24\WatchStore\conf\logging.properties
08-Oct-2024 06:06:35.301 INFO [main] org.apache.catalina.startup.VersionLoggerListener.log Command line argument: -Djava.util.logging.manager=org.apache.juli.ClassLoaderLogManager
08-Oct-2024 06:06:35.301 INFO [main] org.apache.catalina.startup.VersionLoggerListener.log Command line argument: -javaagent:D:\Programs\ideaIC-2024.2.1.win\lib\idea_rt.jar=54072:D:\Programs\ideaIC-2024.2.1.win\bin
08-Oct-2024 06:06:35.301 INFO [main] org.apache.catalina.startup.VersionLoggerListener.log Command line argument: -Dfile.encoding=UTF-8
08-Oct-2024 06:06:35.330 INFO [main] org.apache.catalina.core.AprLifecycleListener.lifecycleEvent Loaded Apache Tomcat Native library [1.3.1] using APR version [1.7.4].
08-Oct-2024 06:06:35.330 INFO [main] org.apache.catalina.core.AprLifecycleListener.lifecycleEvent APR capabilities: IPv6 [true], sendfile [true], accept filters [false], random [true], UDS [true].
08-Oct-2024 06:06:35.330 INFO [main] org.apache.catalina.core.AprLifecycleListener.lifecycleEvent APR/OpenSSL configuration: useAprConnector [false], useOpenSSL [true]
08-Oct-2024 06:06:35.346 INFO [main] org.apache.catalina.core.AprLifecycleListener.initializeSSL OpenSSL successfully initialized [OpenSSL 3.0.14 4 Jun 2024]
08-Oct-2024 06:06:35.566 INFO [main] org.apache.coyote.AbstractProtocol.init Initializing ProtocolHandler ["http-nio-8080"]
08-Oct-2024 06:06:35.585 INFO [main] org.apache.catalina.startup.Catalina.load Server initialization in [471] milliseconds
08-Oct-2024 06:06:35.635 INFO [main] org.apache.catalina.core.StandardService.startInternal Starting service [Catalina]
08-Oct-2024 06:06:35.635 INFO [main] org.apache.catalina.core.StandardEngine.startInternal Starting Servlet engine: [Apache Tomcat/9.0.95]
08-Oct-2024 06:06:35.642 INFO [main] org.apache.catalina.startup.HostConfig.deployDescriptor Deploying deployment descriptor [D:\Fall24\WatchStore\conf\Catalina\localhost\ROOT.xml]
08-Oct-2024 06:06:35.651 WARNING [main] org.apache.catalina.startup.HostConfig.deployDescriptor The path attribute with value [/Project-demo] in deployment descriptor [D:\Fall24\WatchStore\conf\Catalina\localhost\ROOT.xml] has been ignored
08-Oct-2024 06:06:37.772 INFO [main] org.apache.jasper.servlet.TldScanner.scanJars At least one JAR was scanned for TLDs yet contained no TLDs. Enable debug logging for this logger for a complete list of JARs that were scanned but no TLDs were found in them. Skipping unneeded JARs during scanning can improve startup time and JSP compilation time.
08-Oct-2024 06:06:37.860 INFO [main] org.apache.catalina.startup.HostConfig.deployDescriptor Deployment of deployment descriptor [D:\Fall24\WatchStore\conf\Catalina\localhost\ROOT.xml] has finished in [2,217] ms
08-Oct-2024 06:06:37.864 INFO [main] org.apache.coyote.AbstractProtocol.start Starting ProtocolHandler ["http-nio-8080"]
08-Oct-2024 06:06:37.893 INFO [main] org.apache.catalina.startup.Catalina.start Server startup in [2308] milliseconds
