17-Oct-2024 16:13:38.245 INFO [main] org.apache.catalina.startup.VersionLoggerListener.log Server version name:   Apache Tomcat/9.0.95
17-Oct-2024 16:13:38.248 INFO [main] org.apache.catalina.startup.VersionLoggerListener.log Server built:          Sep 13 2024 18:07:47 UTC
17-Oct-2024 16:13:38.249 INFO [main] org.apache.catalina.startup.VersionLoggerListener.log Server version number: 9.0.95.0
17-Oct-2024 16:13:38.249 INFO [main] org.apache.catalina.startup.VersionLoggerListener.log OS Name:               Windows 11
17-Oct-2024 16:13:38.249 INFO [main] org.apache.catalina.startup.VersionLoggerListener.log OS Version:            10.0
17-Oct-2024 16:13:38.249 INFO [main] org.apache.catalina.startup.VersionLoggerListener.log Architecture:          amd64
17-Oct-2024 16:13:38.249 INFO [main] org.apache.catalina.startup.VersionLoggerListener.log Java Home:             C:\Users\ACER\.jdks\corretto-17.0.12
17-Oct-2024 16:13:38.249 INFO [main] org.apache.catalina.startup.VersionLoggerListener.log JVM Version:           17.0.12+7-LTS
17-Oct-2024 16:13:38.249 INFO [main] org.apache.catalina.startup.VersionLoggerListener.log JVM Vendor:            Amazon.com Inc.
17-Oct-2024 16:13:38.249 INFO [main] org.apache.catalina.startup.VersionLoggerListener.log CATALINA_BASE:         D:\Fall24\WatchStore
17-Oct-2024 16:13:38.249 INFO [main] org.apache.catalina.startup.VersionLoggerListener.log CATALINA_HOME:         D:\Fall24\apache-tomcat-9.0.95
17-Oct-2024 16:13:38.257 INFO [main] org.apache.catalina.startup.VersionLoggerListener.log Command line argument: --add-opens=java.base/java.lang=ALL-UNNAMED
17-Oct-2024 16:13:38.257 INFO [main] org.apache.catalina.startup.VersionLoggerListener.log Command line argument: --add-opens=java.base/java.io=ALL-UNNAMED
17-Oct-2024 16:13:38.259 INFO [main] org.apache.catalina.startup.VersionLoggerListener.log Command line argument: --add-opens=java.base/java.util=ALL-UNNAMED
17-Oct-2024 16:13:38.259 INFO [main] org.apache.catalina.startup.VersionLoggerListener.log Command line argument: --add-opens=java.base/java.util.concurrent=ALL-UNNAMED
17-Oct-2024 16:13:38.259 INFO [main] org.apache.catalina.startup.VersionLoggerListener.log Command line argument: --add-opens=java.rmi/sun.rmi.transport=ALL-UNNAMED
17-Oct-2024 16:13:38.259 INFO [main] org.apache.catalina.startup.VersionLoggerListener.log Command line argument: -Dcatalina.home=D:\Fall24\apache-tomcat-9.0.95
17-Oct-2024 16:13:38.259 INFO [main] org.apache.catalina.startup.VersionLoggerListener.log Command line argument: -Dcatalina.base=D:\Fall24\WatchStore
17-Oct-2024 16:13:38.259 INFO [main] org.apache.catalina.startup.VersionLoggerListener.log Command line argument: -Djava.io.tmpdir=D:\Fall24\WatchStore\temp
17-Oct-2024 16:13:38.259 INFO [main] org.apache.catalina.startup.VersionLoggerListener.log Command line argument: -Djava.util.logging.config.file=D:\Fall24\WatchStore\conf\logging.properties
17-Oct-2024 16:13:38.260 INFO [main] org.apache.catalina.startup.VersionLoggerListener.log Command line argument: -Djava.util.logging.manager=org.apache.juli.ClassLoaderLogManager
17-Oct-2024 16:13:38.260 INFO [main] org.apache.catalina.startup.VersionLoggerListener.log Command line argument: -javaagent:D:\Programs\ideaIC-2024.2.1.win\lib\idea_rt.jar=62128:D:\Programs\ideaIC-2024.2.1.win\bin
17-Oct-2024 16:13:38.260 INFO [main] org.apache.catalina.startup.VersionLoggerListener.log Command line argument: -Dfile.encoding=UTF-8
17-Oct-2024 16:13:38.304 INFO [main] org.apache.catalina.core.AprLifecycleListener.lifecycleEvent Loaded Apache Tomcat Native library [1.3.1] using APR version [1.7.4].
17-Oct-2024 16:13:38.304 INFO [main] org.apache.catalina.core.AprLifecycleListener.lifecycleEvent APR capabilities: IPv6 [true], sendfile [true], accept filters [false], random [true], UDS [true].
17-Oct-2024 16:13:38.304 INFO [main] org.apache.catalina.core.AprLifecycleListener.lifecycleEvent APR/OpenSSL configuration: useAprConnector [false], useOpenSSL [true]
17-Oct-2024 16:13:38.322 INFO [main] org.apache.catalina.core.AprLifecycleListener.initializeSSL OpenSSL successfully initialized [OpenSSL 3.0.14 4 Jun 2024]
17-Oct-2024 16:13:38.585 INFO [main] org.apache.coyote.AbstractProtocol.init Initializing ProtocolHandler ["http-nio-8080"]
17-Oct-2024 16:13:38.604 INFO [main] org.apache.catalina.startup.Catalina.load Server initialization in [546] milliseconds
17-Oct-2024 16:13:38.651 INFO [main] org.apache.catalina.core.StandardService.startInternal Starting service [Catalina]
17-Oct-2024 16:13:38.651 INFO [main] org.apache.catalina.core.StandardEngine.startInternal Starting Servlet engine: [Apache Tomcat/9.0.95]
17-Oct-2024 16:13:38.658 INFO [main] org.apache.catalina.startup.HostConfig.deployDescriptor Deploying deployment descriptor [D:\Fall24\WatchStore\conf\Catalina\localhost\ROOT.xml]
17-Oct-2024 16:13:38.669 WARNING [main] org.apache.catalina.startup.HostConfig.deployDescriptor The path attribute with value [/Project-demo] in deployment descriptor [D:\Fall24\WatchStore\conf\Catalina\localhost\ROOT.xml] has been ignored
17-Oct-2024 16:13:41.122 INFO [main] org.apache.jasper.servlet.TldScanner.scanJars At least one JAR was scanned for TLDs yet contained no TLDs. Enable debug logging for this logger for a complete list of JARs that were scanned but no TLDs were found in them. Skipping unneeded JARs during scanning can improve startup time and JSP compilation time.
17-Oct-2024 16:13:41.259 INFO [main] org.apache.catalina.startup.HostConfig.deployDescriptor Deployment of deployment descriptor [D:\Fall24\WatchStore\conf\Catalina\localhost\ROOT.xml] has finished in [2,599] ms
17-Oct-2024 16:13:41.262 INFO [main] org.apache.coyote.AbstractProtocol.start Starting ProtocolHandler ["http-nio-8080"]
17-Oct-2024 16:13:41.297 INFO [main] org.apache.catalina.startup.Catalina.start Server startup in [2691] milliseconds
17-Oct-2024 16:17:41.378 INFO [Thread-1] org.apache.coyote.AbstractProtocol.pause Pausing ProtocolHandler ["http-nio-8080"]
17-Oct-2024 16:17:41.631 INFO [Thread-1] org.apache.catalina.core.StandardService.stopInternal Stopping service [Catalina]
17-Oct-2024 16:17:41.641 WARNING [Thread-1] org.apache.catalina.loader.WebappClassLoaderBase.clearReferencesJdbc The web application [ROOT] registered the JDBC driver [com.microsoft.sqlserver.jdbc.SQLServerDriver] but failed to unregister it when the web application was stopped. To prevent a memory leak, the JDBC Driver has been forcibly unregistered.
17-Oct-2024 16:17:41.649 INFO [Thread-1] org.apache.coyote.AbstractProtocol.stop Stopping ProtocolHandler ["http-nio-8080"]
17-Oct-2024 16:17:41.664 INFO [Thread-1] org.apache.coyote.AbstractProtocol.destroy Destroying ProtocolHandler ["http-nio-8080"]
